<?xml version="1.0" encoding="UTF-8"?>
<testng-results skipped="0" failed="0" ignored="0" total="1" passed="1">
  <reporter-output>
  </reporter-output>
  <suite name="Default suite" duration-ms="19228" started-at="2019-10-16T20:20:26Z" finished-at="2019-10-16T20:20:45Z">
    <groups>
    </groups>
    <test name="Default test" duration-ms="19228" started-at="2019-10-16T20:20:26Z" finished-at="2019-10-16T20:20:45Z">
      <class name="tests.clockInClockOutOnOverviewPage">
        <test-method status="PASS" signature="testClockInClockOutOnOverviewPage()[pri:0, instance:tests.clockInClockOutOnOverviewPage@58651fd0]" name="testClockInClockOutOnOverviewPage" duration-ms="19199" started-at="2019-10-16T20:20:26Z" finished-at="2019-10-16T20:20:45Z">
          <reporter-output>
          </reporter-output>
        </test-method> <!-- testClockInClockOutOnOverviewPage -->
      </class> <!-- tests.clockInClockOutOnOverviewPage -->
    </test> <!-- Default test -->
  </suite> <!-- Default suite -->
</testng-results>
